Drill Listing
=============
Drill: .01575  Tool: 1  Feed: 95  Speed: 300
X -3600  Y 72500
X 39000  Y 140000
X 28000  Y 168700
X -50700  Y 216000
X 73500  Y 185600
X 66800  Y 180800
X 89200  Y 118100
X 58700  Y 107400
X 68000  Y 47600
X 140500  Y 42200
X 94300  Y 61700
X 94400  Y 71700
X 122000  Y 89600
X 117200  Y 110300
X 116100  Y 124000
X 178500  Y 158900
X 178400  Y 127400
X 156200  Y 112500
X 178900  Y 97500
X 179000  Y 87600
X 176300  Y 77500
X 170700  Y 72300
X 158700  Y 67500
X 160600  Y 57500
X 160100  Y 37500

Drill: .01811  Tool: 2  Feed: 95  Speed: 300
X 152500  Y 100138
X 152500  Y 104862

Drill: .035  Tool: 3  Feed: 197  Speed: 550
X -4866  Y 96833
X 3299  Y 101966
X -10000  Y 105000
X 11465  Y 107099
X -1533  Y 110321
X 6932  Y 115643
X -12500  Y 120000
X 15399  Y 120965
X -3997  Y 125263
X 4505  Y 130526
X 13008  Y 135790
X -35826  Y 220866
X -55512  Y 220866
X 19632  Y 112232

Drill: .03543  Tool: 4  Feed: 197  Speed: 550
X 17500  Y 48503
X 17500  Y 55000
X 167500  Y 50000
X 173996  Y 50000
X 192500  Y 75000
X 192500  Y 81496
X 192500  Y 102500
X 192500  Y 108996
X 192500  Y 127500
X 192500  Y 133996

Drill: .03937  Tool: 5  Feed: 197  Speed: 550
X 84692  Y 230000
X 103000  Y 230000

Drill: .047  Tool: 6  Feed: 139  Speed: 550
X -59449  Y 210236
X -31889  Y 210236

Drill: .04921  Tool: 7  Feed: 139  Speed: 550
X -47638  Y 64370 X -47638  Y 88385

Drill: .05118  Tool: 8  Feed: 107  Speed: 550
X 80066  Y 220157
X 107625  Y 220157

Drill: .05512  Tool: 9  Feed: 107  Speed: 550
X -37795  Y 64665 X -37795  Y 88090

Drill: .07874  Tool: 10  Feed: 81  Speed: 550
X -22047  Y 74409
X -22047  Y 90157
X -22047  Y 101968
X -22047  Y 147244
X -22047  Y 162992
X -22047  Y 174803
X -22047  Y 115059 X -22047  Y 136122

Drill: .09055  Tool: 11  Feed: 66  Speed: 550
X -47637  Y 170866

Drill: .16535  Tool: 12  Feed: 35  Speed: 1033
X 93400  Y 21500
X 20550  Y 194100
X 166150  Y 194150

Drill: .25591  Tool: 13  Feed: 0  Speed: 0
X 91633  Y 199606 X 94980  Y 199606

End of Listing
